<?xml version="1.0" encoding="UTF-8"?>
<testng-results ignored="0" total="1" passed="1" failed="0" skipped="0">
  <reporter-output>
  </reporter-output>
  <suite started-at="2025-01-19T21:27:28 ICT" name="Default suite" finished-at="2025-01-19T21:27:28 ICT" duration-ms="20">
    <groups>
    </groups>
    <test started-at="2025-01-19T21:27:28 ICT" name="Default test" finished-at="2025-01-19T21:27:28 ICT" duration-ms="20">
      <class name="automation.testsuite.LoginTest">
        <test-method signature="hello()[pri:0, instance:automation.testsuite.LoginTest@769f71a9]" started-at="2025-01-19T21:27:28 ICT" name="hello" finished-at="2025-01-19T21:27:28 ICT" duration-ms="6" status="PASS">
          <reporter-output>
          </reporter-output>
        </test-method> <!-- hello -->
      </class> <!-- automation.testsuite.LoginTest -->
    </test> <!-- Default test -->
  </suite> <!-- Default suite -->
</testng-results>
