<?xml version="1.0" encoding="UTF-8"?>
<!-- Generated by org.testng.reporters.JUnitXMLReporter -->
<testsuite ignored="11" hostname="Mais-MacBook-Air.local" failures="0" tests="1" name="Default test" time="54.798" errors="0" timestamp="2025-03-30T00:44:57 ICT">
  <testcase classname="automation.testsuite.Day19_BepAnToan_MayHutMui_Test" name="filterMayHutMui_special" time="42.847"/>
  <testcase classname="automation.testsuite.Day19_BepAnToan_MayHutMui_Test" name="filterMayHutMui_Indonesia" time="0.0">
    <ignored/>
  </testcase> <!-- filterMayHutMui_Indonesia -->
  <testcase classname="automation.testsuite.Day19_BepAnToan_MayHutMui_Test" name="checkDanhGiaSanPham" time="0.0">
    <ignored/>
  </testcase> <!-- checkDanhGiaSanPham -->
  <testcase classname="automation.testsuite.Day19_BepAnToan_MayHutMui_Test" name="filterMayHutMui_under3M" time="0.0">
    <ignored/>
  </testcase> <!-- filterMayHutMui_under3M -->
  <testcase classname="automation.testsuite.Day19_BepAnToan_MayHutMui_Test" name="checkDatHangThanhCong" time="0.0">
    <ignored/>
  </testcase> <!-- checkDatHangThanhCong -->
  <testcase classname="automation.testsuite.Day19_BepAnToan_MayHutMui_Test" name="checkTraGopKhongThanhCong" time="0.0">
    <ignored/>
  </testcase> <!-- checkTraGopKhongThanhCong -->
  <testcase classname="automation.testsuite.Day19_BepAnToan_MayHutMui_Test" name="checkLienHe" time="0.0">
    <ignored/>
  </testcase> <!-- checkLienHe -->
  <testcase classname="automation.testsuite.Day19_BepAnToan_MayHutMui_Test" name="checkNhanKhuyenMaiKhongThanhCong" time="0.0">
    <ignored/>
  </testcase> <!-- checkNhanKhuyenMaiKhongThanhCong -->
  <testcase classname="automation.testsuite.Day19_BepAnToan_MayHutMui_Test" name="filterMayHutMui_1000m" time="0.0">
    <ignored/>
  </testcase> <!-- filterMayHutMui_1000m -->
  <testcase classname="automation.testsuite.Day19_BepAnToan_MayHutMui_Test" name="searchMayHutMui" time="0.0">
    <ignored/>
  </testcase> <!-- searchMayHutMui -->
  <testcase classname="automation.testsuite.Day19_BepAnToan_MayHutMui_Test" name="filterMayHutMui_Bosch" time="0.0">
    <ignored/>
  </testcase> <!-- filterMayHutMui_Bosch -->
  <testcase classname="automation.testsuite.Day19_BepAnToan_MayHutMui_Test" name="checkDatHangKhongThanhCong" time="0.0">
    <ignored/>
  </testcase> <!-- checkDatHangKhongThanhCong -->
</testsuite> <!-- Default test -->
