<?xml version="1.0" encoding="UTF-8"?>
<!-- Generated by org.testng.reporters.JUnitXMLReporter -->
<testsuite ignored="3" hostname="Mais-MacBook-Air.local" failures="0" tests="1" name="Default test" time="7.966" errors="0" timestamp="2025-02-25T21:13:11 ICT">
  <testcase classname="automation.testsuite.HomeWork_day13" name="loginSuccessfully" time="1.775"/>
  <testcase classname="automation.testsuite.HomeWork_day13" name="loginFail_IncorrectEmail" time="0.0">
    <ignored/>
  </testcase> <!-- loginFail_IncorrectEmail -->
  <testcase classname="automation.testsuite.HomeWork_day13" name="loginFail_Incorrect_Email_Password" time="0.0">
    <ignored/>
  </testcase> <!-- loginFail_Incorrect_Email_Password -->
  <testcase classname="automation.testsuite.HomeWork_day13" name="loginFail_IncorrectPassword" time="0.0">
    <ignored/>
  </testcase> <!-- loginFail_IncorrectPassword -->
</testsuite> <!-- Default test -->
