<?xml version="1.0" encoding="UTF-8"?>
<!-- Generated by org.testng.reporters.JUnitXMLReporter -->
<testsuite ignored="0" hostname="Mais-MacBook-Air.local" failures="0" tests="2" name="TestProject with MS edge" time="13.947" errors="0" timestamp="2025-03-23T13:31:18 ICT">
  <testcase classname="automation.testsuite.Day18_Homework1_test" name="verifySuccessfully" time="0.292"/>
  <testcase classname="automation.testsuite.Day18_Homework2_Test" name="verifySuccessfully" time="0.302"/>
</testsuite> <!-- TestProject with MS edge -->
